# JRE version: OpenJDK Runtime Environment (15.0.2+7) (build 15.0.2+7-27)
# Java VM: OpenJDK 64-Bit Server VM (15.0.2+7-27, mixed mode, sharing, tiered, compressed oops, g1 gc, bsd-amd64)
GC Precious Log:
 CPUs: 8 total, 8 available
 Memory: 8192M
 Large Page Support: Disabled
 NUMA Support: Disabled
 Compressed Oops: Enabled (Zero based)
 Heap Region Size: 1M
 Heap Min Capacity: 8M
 Heap Initial Capacity: 128M
 Heap Max Capacity: 2G
 Pre-touch: Disabled
 Parallel Workers: 8
 Concurrent Workers: 2
 Concurrent Refinement Workers: 8
 Periodic GC: Disabled
Heap:
 garbage-first heap   total 133120K, used 84957K [0x0000000780000000, 0x0000000800000000)
  region size 1024K, 33 young (33792K), 1 survivors (1024K)
 Metaspace       used 13414K, capacity 13638K, committed 13824K, reserved 1060864K
  class space    used 1659K, capacity 1742K, committed 1792K, reserved 1048576K
GC Heap History (20 events):
Event: 6.546 GC heap before
{Heap before GC invocations=3 (full 0):
 garbage-first heap   total 133120K, used 87848K [0x0000000780000000, 0x0000000800000000)
  region size 1024K, 16 young (16384K), 3 survivors (3072K)
 Metaspace       used 13314K, capacity 13510K, committed 13824K, reserved 1060864K
  class space    used 1657K, capacity 1742K, committed 1792K, reserved 1048576K
}
Event: 6.555 GC heap after
{Heap after GC invocations=4 (full 0):
 garbage-first heap   total 133120K, used 89236K [0x0000000780000000, 0x0000000800000000)
  region size 1024K, 2 young (2048K), 2 survivors (2048K)
 Metaspace       used 13314K, capacity 13510K, committed 13824K, reserved 1060864K
  class space    used 1657K, capacity 1742K, committed 1792K, reserved 1048576K
}
Event: 6.559 GC heap before
{Heap before GC invocations=4 (full 0):
 garbage-first heap   total 133120K, used 97428K [0x0000000780000000, 0x0000000800000000)
  region size 1024K, 10 young (10240K), 2 survivors (2048K)
 Metaspace       used 13314K, capacity 13510K, committed 13824K, reserved 1060864K
  class space    used 1657K, capacity 1742K, committed 1792K, reserved 1048576K
}
Event: 6.564 GC heap after
{Heap after GC invocations=5 (full 0):
 garbage-first heap   total 133120K, used 99112K [0x0000000780000000, 0x0000000800000000)
  region size 1024K, 2 young (2048K), 2 survivors (2048K)
 Metaspace       used 13314K, capacity 13510K, committed 13824K, reserved 1060864K
  class space    used 1657K, capacity 1742K, committed 1792K, reserved 1048576K
}
Event: 6.592 GC heap before
{Heap before GC invocations=5 (full 0):
 garbage-first heap   total 133120K, used 78632K [0x0000000780000000, 0x0000000800000000)
  region size 1024K, 7 young (7168K), 2 survivors (2048K)
 Metaspace       used 13339K, capacity 13510K, committed 13824K, reserved 1060864K
  class space    used 1659K, capacity 1742K, committed 1792K, reserved 1048576K
}
Event: 6.596 GC heap after
{Heap after GC invocations=6 (full 0):
 garbage-first heap   total 133120K, used 79603K [0x0000000780000000, 0x0000000800000000)
  region size 1024K, 1 young (1024K), 1 survivors (1024K)
 Metaspace       used 13339K, capacity 13510K, committed 13824K, reserved 1060864K
  class space    used 1659K, capacity 1742K, committed 1792K, reserved 1048576K
}
Event: 6.705 GC heap before
{Heap before GC invocations=7 (full 0):
 garbage-first heap   total 133120K, used 90867K [0x0000000780000000, 0x0000000800000000)
  region size 1024K, 12 young (12288K), 1 survivors (1024K)
 Metaspace       used 13348K, capacity 13574K, committed 13824K, reserved 1060864K
  class space    used 1659K, capacity 1742K, committed 1792K, reserved 1048576K
}
Event: 6.707 GC heap after
{Heap after GC invocations=8 (full 0):
 garbage-first heap   total 133120K, used 79764K [0x0000000780000000, 0x0000000800000000)
  region size 1024K, 2 young (2048K), 2 survivors (2048K)
 Metaspace       used 13348K, capacity 13574K, committed 13824K, reserved 1060864K
  class space    used 1659K, capacity 1742K, committed 1792K, reserved 1048576K
}
Event: 6.721 GC heap before
{Heap before GC invocations=8 (full 0):
 garbage-first heap   total 133120K, used 83860K [0x0000000780000000, 0x0000000800000000)
  region size 1024K, 6 young (6144K), 2 survivors (2048K)
 Metaspace       used 13348K, capacity 13574K, committed 13824K, reserved 1060864K
  class space    used 1659K, capacity 1742K, committed 1792K, reserved 1048576K
}
Event: 6.725 GC heap after
{Heap after GC invocations=9 (full 0):
 garbage-first heap   total 133120K, used 67866K [0x0000000780000000, 0x0000000800000000)
  region size 1024K, 1 young (1024K), 1 survivors (1024K)
 Metaspace       used 13348K, capacity 13574K, committed 13824K, reserved 1060864K
  class space    used 1659K, capacity 1742K, committed 1792K, reserved 1048576K
}
Event: 6.767 GC heap before
{Heap before GC invocations=9 (full 0):
 garbage-first heap   total 133120K, used 85274K [0x0000000780000000, 0x0000000800000000)
  region size 1024K, 18 young (18432K), 1 survivors (1024K)
 Metaspace       used 13348K, capacity 13574K, committed 13824K, reserved 1060864K
  class space    used 1659K, capacity 1742K, committed 1792K, reserved 1048576K
}
Event: 6.768 GC heap after
{Heap after GC invocations=10 (full 0):
 garbage-first heap   total 133120K, used 67723K [0x0000000780000000, 0x0000000800000000)
  region size 1024K, 1 young (1024K), 1 survivors (1024K)
 Metaspace       used 13348K, capacity 13574K, committed 13824K, reserved 1060864K
  class space    used 1659K, capacity 1742K, committed 1792K, reserved 1048576K
}
Event: 6.851 GC heap before
{Heap before GC invocations=11 (full 0):
 garbage-first heap   total 133120K, used 84107K [0x0000000780000000, 0x0000000800000000)
  region size 1024K, 22 young (22528K), 1 survivors (1024K)
 Metaspace       used 13349K, capacity 13574K, committed 13824K, reserved 1060864K
  class space    used 1659K, capacity 1742K, committed 1792K, reserved 1048576K
}
Event: 6.852 GC heap after
{Heap after GC invocations=12 (full 0):
 garbage-first heap   total 133120K, used 62593K [0x0000000780000000, 0x0000000800000000)
  region size 1024K, 1 young (1024K), 1 survivors (1024K)
 Metaspace       used 13349K, capacity 13574K, committed 13824K, reserved 1060864K
  class space    used 1659K, capacity 1742K, committed 1792K, reserved 1048576K
}
Event: 6.862 GC heap before
{Heap before GC invocations=12 (full 0):
 garbage-first heap   total 133120K, used 67713K [0x0000000780000000, 0x0000000800000000)
  region size 1024K, 6 young (6144K), 1 survivors (1024K)
 Metaspace       used 13349K, capacity 13574K, committed 13824K, reserved 1060864K
  class space    used 1659K, capacity 1742K, committed 1792K, reserved 1048576K
}
Event: 6.866 GC heap after
{Heap after GC invocations=13 (full 0):
 garbage-first heap   total 133120K, used 53207K [0x0000000780000000, 0x0000000800000000)
  region size 1024K, 1 young (1024K), 1 survivors (1024K)
 Metaspace       used 13349K, capacity 13574K, committed 13824K, reserved 1060864K
  class space    used 1659K, capacity 1742K, committed 1792K, reserved 1048576K
}
Event: 7.947 GC heap before
{Heap before GC invocations=13 (full 0):
 garbage-first heap   total 133120K, used 85975K [0x0000000780000000, 0x0000000800000000)
  region size 1024K, 33 young (33792K), 1 survivors (1024K)
 Metaspace       used 13409K, capacity 13638K, committed 13824K, reserved 1060864K
  class space    used 1659K, capacity 1742K, committed 1792K, reserved 1048576K
}
Event: 7.948 GC heap after
{Heap after GC invocations=14 (full 0):
 garbage-first heap   total 133120K, used 53216K [0x0000000780000000, 0x0000000800000000)
  region size 1024K, 1 young (1024K), 1 survivors (1024K)
 Metaspace       used 13409K, capacity 13638K, committed 13824K, reserved 1060864K
  class space    used 1659K, capacity 1742K, committed 1792K, reserved 1048576K
}
Event: 8.529 GC heap before
{Heap before GC invocations=14 (full 0):
 garbage-first heap   total 133120K, used 100320K [0x0000000780000000, 0x0000000800000000)
  region size 1024K, 47 young (48128K), 1 survivors (1024K)
 Metaspace       used 13414K, capacity 13638K, committed 13824K, reserved 1060864K
  class space    used 1659K, capacity 1742K, committed 1792K, reserved 1048576K
}
Event: 8.530 GC heap after
{Heap after GC invocations=15 (full 0):
 garbage-first heap   total 133120K, used 53213K [0x0000000780000000, 0x0000000800000000)
  region size 1024K, 1 young (1024K), 1 survivors (1024K)
 Metaspace       used 13414K, capacity 13638K, committed 13824K, reserved 1060864K
  class space    used 1659K, capacity 1742K, committed 1792K, reserved 1048576K
}

